2013-11-05 21:30:09,321 - INFO - harvesting for http://www.irwinwong.com/blog/how-the-fuji-x-series-made-me-feel-inadequate/
2013-11-05 21:30:09,321 - DEBUG - harvesting: src="([^"]+)" in http://www.irwinwong.com/blog/how-the-fuji-x-series-made-me-feel-inadequate/
2013-11-05 21:30:09,342 - INFO - Starting new HTTP connection (1): www.irwinwong.com
2013-11-05 21:30:10,332 - DEBUG - "GET /blog/how-the-fuji-x-series-made-me-feel-inadequate/ HTTP/1.1" 200 17422
2013-11-05 21:30:10,857 - DEBUG - Storing http://www.irwinwong.com/blog/how-the-fuji-x-series-made-me-feel-inadequate/ => [u'http://www.irwinwong.com/blog/wp-content/uploads/DSCF69012.jpg', u'http://www.irwinwong.com/blog/wp-content/uploads/DSCF65342.jpg', u'http://www.irwinwong.com/blog/wp-content/uploads/DSCF56682.jpg', u'http://www.irwinwong.com/blog/wp-content/uploads/DSCF62952.jpg', u'http://www.irwinwong.com/blog/wp-content/uploads/DSCF61932.jpg', u'http://www.irwinwong.com/blog/wp-content/uploads/DSCF65822.jpg', u'http://www.irwinwong.com/blog/wp-content/uploads/DSCF59162.jpg', u'http://www.irwinwong.com/blog/wp-content/uploads/DSCF42652.jpg', u'http://www.irwinwong.com/blog/wp-content/uploads/DSCF40762.jpg', u'http://www.irwinwong.com/blog/wp-content/uploads/DSCF7066.jpg', u'http://www.irwinwong.com/blog/wp-content/uploads/DSCF7073.jpg', u'http://www.irwinwong.com/blog/wp-content/uploads/twitter-logo-square-webtreatsetc.png', u'http://www.irwinwong.com/blog/wp-content/uploads/rss-circle-webtreatsetc.png', u'http://www.irwinwong.com/blog/wp-content/uploads/linkedin-logo-square2-webtreatsetc.png', u'http://www.irwinwong.com/blog/wp-content/uploads/tumblr-s-webtreatsetc.png']
2013-11-05 21:30:10,858 - INFO - storing http://www.irwinwong.com/blog/how-the-fuji-x-series-made-me-feel-inadequate/ => [u'http://www.irwinwong.com/blog/wp-content/uploads/DSCF69012.jpg', u'http://www.irwinwong.com/blog/wp-content/uploads/DSCF65342.jpg', u'http://www.irwinwong.com/blog/wp-content/uploads/DSCF56682.jpg', u'http://www.irwinwong.com/blog/wp-content/uploads/DSCF62952.jpg', u'http://www.irwinwong.com/blog/wp-content/uploads/DSCF61932.jpg', u'http://www.irwinwong.com/blog/wp-content/uploads/DSCF65822.jpg', u'http://www.irwinwong.com/blog/wp-content/uploads/DSCF59162.jpg', u'http://www.irwinwong.com/blog/wp-content/uploads/DSCF42652.jpg', u'http://www.irwinwong.com/blog/wp-content/uploads/DSCF40762.jpg', u'http://www.irwinwong.com/blog/wp-content/uploads/DSCF7066.jpg', u'http://www.irwinwong.com/blog/wp-content/uploads/DSCF7073.jpg', u'http://www.irwinwong.com/blog/wp-content/uploads/twitter-logo-square-webtreatsetc.png', u'http://www.irwinwong.com/blog/wp-content/uploads/rss-circle-webtreatsetc.png', u'http://www.irwinwong.com/blog/wp-content/uploads/linkedin-logo-square2-webtreatsetc.png', u'http://www.irwinwong.com/blog/wp-content/uploads/tumblr-s-webtreatsetc.png']
2013-11-05 21:30:10,859 - DEBUG - sleeping for 5 secs
2013-11-05 21:30:15,860 - INFO - Harvesting done!
2013-11-05 21:30:22,560 - INFO - harvesting for http://www.irwinwong.com/blog/how-the-fuji-x-series-made-me-feel-inadequate/
2013-11-05 21:30:22,560 - DEBUG - harvesting: src="([^"]+)" in http://www.irwinwong.com/blog/how-the-fuji-x-series-made-me-feel-inadequate/
2013-11-05 21:30:22,581 - INFO - Starting new HTTP connection (1): www.irwinwong.com
2013-11-05 21:30:23,540 - DEBUG - "GET /blog/how-the-fuji-x-series-made-me-feel-inadequate/ HTTP/1.1" 200 17422
2013-11-05 21:30:24,042 - DEBUG - Storing http://www.irwinwong.com/blog/how-the-fuji-x-series-made-me-feel-inadequate/ => [u'http://www.irwinwong.com/blog/wp-content/uploads/DSCF69012.jpg', u'http://www.irwinwong.com/blog/wp-content/uploads/DSCF65342.jpg', u'http://www.irwinwong.com/blog/wp-content/uploads/DSCF56682.jpg', u'http://www.irwinwong.com/blog/wp-content/uploads/DSCF62952.jpg', u'http://www.irwinwong.com/blog/wp-content/uploads/DSCF61932.jpg', u'http://www.irwinwong.com/blog/wp-content/uploads/DSCF65822.jpg', u'http://www.irwinwong.com/blog/wp-content/uploads/DSCF59162.jpg', u'http://www.irwinwong.com/blog/wp-content/uploads/DSCF42652.jpg', u'http://www.irwinwong.com/blog/wp-content/uploads/DSCF40762.jpg', u'http://www.irwinwong.com/blog/wp-content/uploads/DSCF7066.jpg', u'http://www.irwinwong.com/blog/wp-content/uploads/DSCF7073.jpg', u'http://www.irwinwong.com/blog/wp-content/uploads/twitter-logo-square-webtreatsetc.png', u'http://www.irwinwong.com/blog/wp-content/uploads/rss-circle-webtreatsetc.png', u'http://www.irwinwong.com/blog/wp-content/uploads/linkedin-logo-square2-webtreatsetc.png', u'http://www.irwinwong.com/blog/wp-content/uploads/tumblr-s-webtreatsetc.png']
2013-11-05 21:30:24,043 - INFO - storing http://www.irwinwong.com/blog/how-the-fuji-x-series-made-me-feel-inadequate/ => [u'http://www.irwinwong.com/blog/wp-content/uploads/DSCF69012.jpg', u'http://www.irwinwong.com/blog/wp-content/uploads/DSCF65342.jpg', u'http://www.irwinwong.com/blog/wp-content/uploads/DSCF56682.jpg', u'http://www.irwinwong.com/blog/wp-content/uploads/DSCF62952.jpg', u'http://www.irwinwong.com/blog/wp-content/uploads/DSCF61932.jpg', u'http://www.irwinwong.com/blog/wp-content/uploads/DSCF65822.jpg', u'http://www.irwinwong.com/blog/wp-content/uploads/DSCF59162.jpg', u'http://www.irwinwong.com/blog/wp-content/uploads/DSCF42652.jpg', u'http://www.irwinwong.com/blog/wp-content/uploads/DSCF40762.jpg', u'http://www.irwinwong.com/blog/wp-content/uploads/DSCF7066.jpg', u'http://www.irwinwong.com/blog/wp-content/uploads/DSCF7073.jpg', u'http://www.irwinwong.com/blog/wp-content/uploads/twitter-logo-square-webtreatsetc.png', u'http://www.irwinwong.com/blog/wp-content/uploads/rss-circle-webtreatsetc.png', u'http://www.irwinwong.com/blog/wp-content/uploads/linkedin-logo-square2-webtreatsetc.png', u'http://www.irwinwong.com/blog/wp-content/uploads/tumblr-s-webtreatsetc.png']
2013-11-05 21:30:24,044 - DEBUG - sleeping for 5 secs
2013-11-05 21:30:29,044 - INFO - Harvesting done!
2013-11-05 21:31:03,714 - INFO - harvesting for http://www.irwinwong.com/blog/how-the-fuji-x-series-made-me-feel-inadequate/
2013-11-05 21:31:03,714 - DEBUG - harvesting: src="([^"]+)" in http://www.irwinwong.com/blog/how-the-fuji-x-series-made-me-feel-inadequate/
2013-11-05 21:31:03,735 - INFO - Starting new HTTP connection (1): www.irwinwong.com
2013-11-05 21:31:04,703 - DEBUG - "GET /blog/how-the-fuji-x-series-made-me-feel-inadequate/ HTTP/1.1" 200 17422
2013-11-05 21:31:05,223 - DEBUG - Storing http://www.irwinwong.com/blog/how-the-fuji-x-series-made-me-feel-inadequate/ => [u'http://www.irwinwong.com/blog/wp-content/uploads/DSCF69012.jpg', u'http://www.irwinwong.com/blog/wp-content/uploads/DSCF65342.jpg', u'http://www.irwinwong.com/blog/wp-content/uploads/DSCF56682.jpg', u'http://www.irwinwong.com/blog/wp-content/uploads/DSCF62952.jpg', u'http://www.irwinwong.com/blog/wp-content/uploads/DSCF61932.jpg', u'http://www.irwinwong.com/blog/wp-content/uploads/DSCF65822.jpg', u'http://www.irwinwong.com/blog/wp-content/uploads/DSCF59162.jpg', u'http://www.irwinwong.com/blog/wp-content/uploads/DSCF42652.jpg', u'http://www.irwinwong.com/blog/wp-content/uploads/DSCF40762.jpg', u'http://www.irwinwong.com/blog/wp-content/uploads/DSCF7066.jpg', u'http://www.irwinwong.com/blog/wp-content/uploads/DSCF7073.jpg', u'http://www.irwinwong.com/blog/wp-content/uploads/twitter-logo-square-webtreatsetc.png', u'http://www.irwinwong.com/blog/wp-content/uploads/rss-circle-webtreatsetc.png', u'http://www.irwinwong.com/blog/wp-content/uploads/linkedin-logo-square2-webtreatsetc.png', u'http://www.irwinwong.com/blog/wp-content/uploads/tumblr-s-webtreatsetc.png']
2013-11-05 21:31:05,224 - DEBUG - sleeping for 5 secs
2013-11-05 21:31:10,224 - INFO - Harvesting done!
2013-11-05 21:31:19,905 - INFO - harvesting for http://www.irwinwong.com/blog/how-the-fuji-x-series-made-me-feel-inadequate/
2013-11-05 21:31:19,926 - INFO - Starting new HTTP connection (1): www.irwinwong.com
2013-11-05 21:31:26,402 - INFO - Harvesting done!
2013-11-05 21:31:31,885 - INFO - harvesting for http://www.irwinwong.com/blog/how-the-fuji-x-series-made-me-feel-inadequate/
2013-11-05 21:31:31,906 - INFO - Starting new HTTP connection (1): www.irwinwong.com
2013-11-05 21:31:38,373 - INFO - Harvesting done!
2013-11-05 21:31:57,111 - INFO - harvesting for http://www.irwinwong.com/blog/how-the-fuji-x-series-made-me-feel-inadequate/
2013-11-05 21:31:57,111 - WARNING - warning test.
2013-11-05 21:31:57,132 - INFO - Starting new HTTP connection (1): www.irwinwong.com
2013-11-05 21:32:03,660 - INFO - Harvesting done!
2013-11-05 21:32:08,610 - INFO - harvesting for http://www.irwinwong.com/blog/how-the-fuji-x-series-made-me-feel-inadequate/
2013-11-05 21:32:08,610 - ERROR - error test.
2013-11-05 21:32:08,634 - INFO - Starting new HTTP connection (1): www.irwinwong.com
2013-11-05 21:32:15,162 - INFO - Harvesting done!
2013-11-05 21:34:01,926 - INFO - harvesting for http://www.irwinwong.com/blog/how-the-fuji-x-series-made-me-feel-inadequate/
2013-11-05 21:34:01,926 - ERROR - Traceback (most recent call last):
  File "/Users/ferozkhan/workspace/web-crawler/harvester.py", line 46, in start
    self.harvest()
  File "/Users/ferozkhan/workspace/web-crawler/harvester.py", line 21, in harvest
    logget.info('Starting harvesting at %s for %s' % (self.field, self.crop))
NameError: global name 'logget' is not defined

2013-11-05 21:34:09,111 - INFO - harvesting for http://www.irwinwong.com/blog/how-the-fuji-x-series-made-me-feel-inadequate/
2013-11-05 21:34:09,111 - INFO - Starting harvesting at http://www.irwinwong.com/blog/how-the-fuji-x-series-made-me-feel-inadequate/ for src="([^"]+)"
2013-11-05 21:34:09,562 - INFO - Starting new HTTP connection (1): www.irwinwong.com
2013-11-05 21:34:16,894 - INFO - Harvesting done!
2013-11-05 22:33:01,979 - INFO - Starting harvesting at http://www.irwinwong.com/blog/how-the-fuji-x-series-made-me-feel-inadequate/ for src="([^"]+)"
2013-11-05 22:33:02,015 - INFO - Starting new HTTP connection (1): www.irwinwong.com
2013-11-05 22:33:09,388 - INFO - Harvesting done!
2013-11-05 22:34:12,677 - INFO - Starting harvesting at http://www.irwinwong.com/blog/how-the-fuji-x-series-made-me-feel-inadequate/ for src="([^"]+)"
2013-11-05 22:34:12,698 - INFO - Starting new HTTP connection (1): www.irwinwong.com
2013-11-05 22:34:19,241 - INFO - Harvesting done!
2013-11-05 22:34:44,044 - INFO - Starting harvesting at http://www.irwinwong.com/blog/how-the-fuji-x-series-made-me-feel-inadequate/ for src="([^"]+)"
2013-11-05 22:34:44,067 - INFO - Starting new HTTP connection (1): www.irwinwong.com
2013-11-05 22:34:50,582 - INFO - Harvesting done in 20 secs
